<?xml version="1.0" encoding="UTF-8"?>
<!-- Generated by org.testng.reporters.JUnitXMLReporter -->
<testsuite ignored="1" hostname="senthils-MacBook-Pro-2.local" failures="0" tests="1" name="Default test" time="14.15" errors="0" timestamp="09 Jun 2021 03:19:10 GMT">
  <testcase classname="webtesting.webtesting" name="testcase2" time="1.083"/>
  <testcase classname="webtesting.webtesting" name="testcase1" time="0.0">
    <ignored/>
  </testcase> <!-- testcase1 -->
</testsuite> <!-- Default test -->
