<?xml version="1.0" encoding="UTF-8"?>
<testng-results ignored="1" total="2" passed="1" failed="0" skipped="0">
  <reporter-output>
  </reporter-output>
  <suite started-at="2021-06-09T03:18:56Z" name="Default suite" finished-at="2021-06-09T03:19:10Z" duration-ms="14150">
    <groups>
    </groups>
    <test started-at="2021-06-09T03:18:56Z" name="Default test" finished-at="2021-06-09T03:19:10Z" duration-ms="14150">
      <class name="webtesting.webtesting">
        <test-method is-config="true" signature="setup()[pri:0, instance:webtesting.webtesting@3e74829]" started-at="2021-06-09T03:18:56Z" name="setup" finished-at="2021-06-09T03:19:09Z" duration-ms="13048" status="PASS">
          <reporter-output>
          </reporter-output>
        </test-method> <!-- setup -->
        <test-method signature="testcase2()[pri:0, instance:webtesting.webtesting@3e74829]" started-at="2021-06-09T03:19:09Z" name="testcase2" finished-at="2021-06-09T03:19:10Z" duration-ms="1083" status="PASS">
          <reporter-output>
          </reporter-output>
        </test-method> <!-- testcase2 -->
      </class> <!-- webtesting.webtesting -->
    </test> <!-- Default test -->
  </suite> <!-- Default suite -->
</testng-results>
